Determining if the pthread_create exist failed with the following output:
Change Dir: /home/allahbaksh/Documents/FlameDetection/Cuda_Version/CMakeFiles/CMakeTmp

Run Build Command:"/usr/bin/make" "cmTC_71e8b/fast"
/usr/bin/make -f CMakeFiles/cmTC_71e8b.dir/build.make CMakeFiles/cmTC_71e8b.dir/build
make[1]: Entering directory '/home/allahbaksh/Documents/FlameDetection/Cuda_Version/CMakeFiles/CMakeTmp'
Building C object CMakeFiles/cmTC_71e8b.dir/CheckSymbolExists.c.o
/usr/bin/cc    -o CMakeFiles/cmTC_71e8b.dir/CheckSymbolExists.c.o   -c /home/allahbaksh/Documents/FlameDetection/Cuda_Version/CMakeFiles/CMakeTmp/CheckSymbolExists.c
Linking C executable cmTC_71e8b
/usr/bin/cmake -E cmake_link_script CMakeFiles/cmTC_71e8b.dir/link.txt --verbose=1
/usr/bin/cc      CMakeFiles/cmTC_71e8b.dir/CheckSymbolExists.c.o  -o cmTC_71e8b 
CMakeFiles/cmTC_71e8b.dir/CheckSymbolExists.c.o: In function `main':
CheckSymbolExists.c:(.text+0x1b): undefined reference to `pthread_create'
collect2: error: ld returned 1 exit status
CMakeFiles/cmTC_71e8b.dir/build.make:97: recipe for target 'cmTC_71e8b' failed
make[1]: *** [cmTC_71e8b] Error 1
make[1]: Leaving directory '/home/allahbaksh/Documents/FlameDetection/Cuda_Version/CMakeFiles/CMakeTmp'
Makefile:126: recipe for target 'cmTC_71e8b/fast' failed
make: *** [cmTC_71e8b/fast] Error 2

File /home/allahbaksh/Documents/FlameDetection/Cuda_Version/CMakeFiles/CMakeTmp/CheckSymbolExists.c:
/* */
#include <pthread.h>

int main(int argc, char** argv)
{
  (void)argv;
#ifndef pthread_create
  return ((int*)(&pthread_create))[argc];
#else
  (void)argc;
  return 0;
#endif
}

Determining if the function pthread_create exists in the pthreads failed with the following output:
Change Dir: /home/allahbaksh/Documents/FlameDetection/Cuda_Version/CMakeFiles/CMakeTmp

Run Build Command:"/usr/bin/make" "cmTC_e0b90/fast"
/usr/bin/make -f CMakeFiles/cmTC_e0b90.dir/build.make CMakeFiles/cmTC_e0b90.dir/build
make[1]: Entering directory '/home/allahbaksh/Documents/FlameDetection/Cuda_Version/CMakeFiles/CMakeTmp'
Building C object CMakeFiles/cmTC_e0b90.dir/CheckFunctionExists.c.o
/usr/bin/cc   -DCHECK_FUNCTION_EXISTS=pthread_create   -o CMakeFiles/cmTC_e0b90.dir/CheckFunctionExists.c.o   -c /usr/share/cmake-3.10/Modules/CheckFunctionExists.c
Linking C executable cmTC_e0b90
/usr/bin/cmake -E cmake_link_script CMakeFiles/cmTC_e0b90.dir/link.txt --verbose=1
/usr/bin/cc  -DCHECK_FUNCTION_EXISTS=pthread_create    CMakeFiles/cmTC_e0b90.dir/CheckFunctionExists.c.o  -o cmTC_e0b90 -lpthreads 
/usr/bin/x86_64-linux-gnu-ld: cannot find -lpthreads
collect2: error: ld returned 1 exit status
CMakeFiles/cmTC_e0b90.dir/build.make:97: recipe for target 'cmTC_e0b90' failed
make[1]: *** [cmTC_e0b90] Error 1
make[1]: Leaving directory '/home/allahbaksh/Documents/FlameDetection/Cuda_Version/CMakeFiles/CMakeTmp'
Makefile:126: recipe for target 'cmTC_e0b90/fast' failed
make: *** [cmTC_e0b90/fast] Error 2


